2026-05-10T22:30:14.245813 [INFO] Build started: project_root=C:\Users\BG518089\IdeaProjects\gwms, graph_root=C:\Users\BG518089\IdeaProjects\ai_for_yxy\project_graphrag
2026-05-10T22:30:14.247891 [INFO] Task started: SCAN_DIR_STRUCTURE
2026-05-10T22:30:19.456727 [INFO] Task completed: SCAN_DIR_STRUCTURE | Scanned source files: 8872 | added=8872, modified=0, deleted=0
2026-05-10T22:30:19.471686 [INFO] Task started: PARSE_CLASSES
2026-05-10T22:30:19.491633 [INFO] Task completed: PARSE_CLASSES | Prepared parse workload: 8872 files, changed_set=8872
2026-05-10T22:30:19.497617 [INFO] Task started: PARSE_METHODS
2026-05-10T22:30:19.502603 [INFO] Task completed: PARSE_METHODS | Method parsing delegated to graph build pipeline.
2026-05-10T22:30:19.508588 [INFO] Task started: PARSE_DB_TABLES
2026-05-10T22:30:19.513575 [INFO] Task completed: PARSE_DB_TABLES | DB table identification delegated to graph build pipeline.
2026-05-10T22:30:19.518562 [INFO] Task started: BUILD_GRAPH_NODES
2026-05-10T22:30:19.519559 [INFO] Graph mode: full build (no prior graph data).
2026-05-10T22:30:38.135524 [INFO] Task completed: BUILD_GRAPH_NODES | Built nodes: 64743
2026-05-10T22:30:38.141508 [INFO] Task started: BUILD_GRAPH_EDGES
2026-05-10T22:30:38.146494 [INFO] Task completed: BUILD_GRAPH_EDGES | Built edges: 454194
2026-05-10T22:30:38.152478 [INFO] Task started: INDEX_GRAPH
2026-05-10T22:30:43.259440 [INFO] Task completed: INDEX_GRAPH | Graph files and indexes persisted.
2026-05-10T22:30:43.264427 [INFO] Task started: QUERY_TEST
2026-05-10T22:30:43.752985 [INFO] Task completed: QUERY_TEST | Smoke tests executed: 3
2026-05-10T22:30:43.757968 [INFO] Task started: AUTO_UPDATE
2026-05-10T22:30:43.781043 [INFO] Task completed: AUTO_UPDATE | Incremental policy active. added=8872, modified=0, deleted=0
2026-05-10T22:30:43.781043 [INFO] Build finished successfully.
2026-05-10T22:31:11.047818 [INFO] Build started: project_root=C:\Users\BG518089\IdeaProjects\gwms, graph_root=C:\Users\BG518089\IdeaProjects\ai_for_yxy\project_graphrag
2026-05-10T22:31:11.048815 [INFO] Task SCAN_DIR_STRUCTURE skipped by checkpoint.
2026-05-10T22:31:15.657996 [INFO] No file change detected; skip parse/build/index tasks.
2026-05-10T22:31:15.662982 [INFO] Task started: AUTO_UPDATE
2026-05-10T22:31:15.668965 [INFO] Task completed: AUTO_UPDATE | No changes. Graph unchanged.
2026-05-10T23:02:50.973285 [INFO] Build started: project_root=C:\Users\BG518089\IdeaProjects\gwms, graph_root=C:\Users\BG518089\IdeaProjects\ai_for_yxy\project_graphrag
2026-05-10T23:02:50.974283 [INFO] Task SCAN_DIR_STRUCTURE skipped by checkpoint.
2026-05-10T23:02:55.952360 [INFO] No file change detected; skip parse/build/index tasks.
2026-05-10T23:02:55.958343 [INFO] Task started: AUTO_UPDATE
2026-05-10T23:02:55.963330 [INFO] Task completed: AUTO_UPDATE | No changes. Graph unchanged.
2026-05-10T23:10:46.784426 [INFO] Build started: project_root=C:\Users\BG518089\IdeaProjects\gwms, graph_root=C:\Users\BG518089\IdeaProjects\ai_for_yxy\project_graphrag
2026-05-10T23:10:46.784426 [INFO] Task SCAN_DIR_STRUCTURE skipped by checkpoint.
2026-05-10T23:10:51.493955 [INFO] Task started: PARSE_CLASSES
2026-05-10T23:10:51.497943 [INFO] Task completed: PARSE_CLASSES | Prepared parse workload: 8872 files, changed_set=0
2026-05-10T23:10:51.502701 [INFO] Task started: PARSE_METHODS
2026-05-10T23:10:51.506689 [INFO] Task completed: PARSE_METHODS | Method parsing delegated to graph build pipeline.
2026-05-10T23:10:51.510678 [INFO] Task started: PARSE_DB_TABLES
2026-05-10T23:10:51.515664 [INFO] Task completed: PARSE_DB_TABLES | DB table identification delegated to graph build pipeline.
2026-05-10T23:10:51.521648 [INFO] Task started: PARSE_BUSINESS_RULES
2026-05-10T23:10:51.526635 [INFO] Task completed: PARSE_BUSINESS_RULES | Business rule parsing scheduled in graph build pipeline.
2026-05-10T23:10:51.530624 [INFO] Task started: BUILD_GRAPH_NODES
2026-05-10T23:10:51.531621 [INFO] Graph mode: incremental update (added=0, modified=0, deleted=0).
2026-05-10T23:10:56.114075 [INFO] Task completed: BUILD_GRAPH_NODES | Built nodes: 64743
2026-05-10T23:10:56.119061 [INFO] Task started: BUILD_GRAPH_EDGES
2026-05-10T23:11:05.691265 [INFO] Task completed: BUILD_GRAPH_EDGES | Built edges: 458604
2026-05-10T23:11:05.695253 [INFO] Task started: INDEX_GRAPH
2026-05-10T23:11:10.101477 [ERROR] Unhandled failure: [WinError 5] 拒绝访问。: 'C:\\Users\\BG518089\\IdeaProjects\\ai_for_yxy\\project_graphrag\\graph_edges.jsonl.tmp' -> 'C:\\Users\\BG518089\\IdeaProjects\\ai_for_yxy\\project_graphrag\\graph_edges.jsonl'
2026-05-10T23:11:10.103472 [ERROR] Traceback (most recent call last):
  File "C:\Users\BG518089\IdeaProjects\ai_for_yxy\project_graphrag\scripts\build_graphrag.py", line 1230, in main
    builder.write_outputs(nodes, edges, file_index, manifest)
  File "C:\Users\BG518089\IdeaProjects\ai_for_yxy\project_graphrag\scripts\build_graphrag.py", line 866, in write_outputs
    atomic_write_jsonl(self.edges_path, edges)
  File "C:\Users\BG518089\IdeaProjects\ai_for_yxy\project_graphrag\scripts\build_graphrag.py", line 90, in atomic_write_jsonl
    os.replace(tmp, path)
PermissionError: [WinError 5] 拒绝访问。: 'C:\\Users\\BG518089\\IdeaProjects\\ai_for_yxy\\project_graphrag\\graph_edges.jsonl.tmp' -> 'C:\\Users\\BG518089\\IdeaProjects\\ai_for_yxy\\project_graphrag\\graph_edges.jsonl'

2026-05-10T23:11:10.111451 [ERROR] Task failed: AUTO_UPDATE | Unhandled failure: [WinError 5] 拒绝访问。: 'C:\\Users\\BG518089\\IdeaProjects\\ai_for_yxy\\project_graphrag\\graph_edges.jsonl.tmp' -> 'C:\\Users\\BG518089\\IdeaProjects\\ai_for_yxy\\project_graphrag\\graph_edges.jsonl'
2026-05-10T23:11:39.871594 [INFO] Build started: project_root=C:\Users\BG518089\IdeaProjects\gwms, graph_root=C:\Users\BG518089\IdeaProjects\ai_for_yxy\project_graphrag
2026-05-10T23:11:39.872591 [INFO] Task SCAN_DIR_STRUCTURE skipped by checkpoint.
2026-05-10T23:11:46.231298 [INFO] Task started: PARSE_CLASSES
2026-05-10T23:11:46.236282 [INFO] Task completed: PARSE_CLASSES | Prepared parse workload: 8872 files, changed_set=0
2026-05-10T23:11:46.242266 [INFO] Task started: PARSE_METHODS
2026-05-10T23:11:46.247253 [INFO] Task completed: PARSE_METHODS | Method parsing delegated to graph build pipeline.
2026-05-10T23:11:46.254240 [INFO] Task started: PARSE_DB_TABLES
2026-05-10T23:11:46.259222 [INFO] Task completed: PARSE_DB_TABLES | DB table identification delegated to graph build pipeline.
2026-05-10T23:11:46.265205 [INFO] Task started: PARSE_BUSINESS_RULES
2026-05-10T23:11:46.271189 [INFO] Task completed: PARSE_BUSINESS_RULES | Business rule parsing scheduled in graph build pipeline.
2026-05-10T23:11:46.276175 [INFO] Task started: BUILD_GRAPH_NODES
2026-05-10T23:11:46.276175 [INFO] Graph mode: incremental update (added=0, modified=0, deleted=0).
2026-05-10T23:11:50.814265 [INFO] Task completed: BUILD_GRAPH_NODES | Built nodes: 66777
2026-05-10T23:11:50.818253 [INFO] Task started: BUILD_GRAPH_EDGES
2026-05-10T23:11:59.610644 [INFO] Task completed: BUILD_GRAPH_EDGES | Built edges: 458604
2026-05-10T23:11:59.615631 [INFO] Task started: INDEX_GRAPH
2026-05-10T23:12:03.671776 [INFO] Task completed: INDEX_GRAPH | Graph files and indexes persisted.
2026-05-10T23:12:03.676762 [INFO] Task started: QUERY_TEST
2026-05-10T23:12:04.024157 [INFO] Task completed: QUERY_TEST | Smoke tests executed: 3
2026-05-10T23:12:04.028143 [INFO] Task started: AUTO_UPDATE
2026-05-10T23:12:04.036120 [INFO] Task completed: AUTO_UPDATE | Incremental policy active. added=0, modified=0, deleted=0
2026-05-10T23:12:04.037118 [INFO] Build finished successfully.
2026-05-10T23:22:54.955137 [INFO] Build started: project_root=C:\Users\BG518089\IdeaProjects\gwms, graph_root=C:\Users\BG518089\IdeaProjects\ai_for_yxy\project_graphrag
2026-05-10T23:22:54.956133 [INFO] Task SCAN_DIR_STRUCTURE skipped by checkpoint.
2026-05-10T23:23:00.071540 [INFO] force-full: full graph rebuild from all scanned files (no incremental skip).
2026-05-10T23:23:00.076527 [INFO] Task started: PARSE_CLASSES
2026-05-10T23:23:00.082511 [INFO] Task completed: PARSE_CLASSES | Prepared parse workload: 8872 files, changed_set=0
2026-05-10T23:23:00.086501 [INFO] Task started: PARSE_METHODS
2026-05-10T23:23:00.091487 [INFO] Task completed: PARSE_METHODS | Method parsing delegated to graph build pipeline.
2026-05-10T23:23:00.096474 [INFO] Task started: PARSE_DB_TABLES
2026-05-10T23:23:00.100463 [INFO] Task completed: PARSE_DB_TABLES | DB table identification delegated to graph build pipeline.
2026-05-10T23:23:00.105449 [INFO] Task started: PARSE_BUSINESS_RULES
2026-05-10T23:23:00.110436 [INFO] Task completed: PARSE_BUSINESS_RULES | Business rule parsing scheduled in graph build pipeline.
2026-05-10T23:23:00.115424 [INFO] Task started: BUILD_GRAPH_NODES
2026-05-10T23:23:00.115424 [INFO] Graph mode: full build (no prior graph data).
